-------------------------------------------------------------------------------
Test set: guru.springframework.sfgpetclinic.controllers.PetControllerTest
-------------------------------------------------------------------------------
Tests run: 4, Failures: 1, Errors: 0, Skipped: 0, Time elapsed: 0.671 s <<< FAILURE! - in guru.springframework.sfgpetclinic.controllers.PetControllerTest
initCreationForm  Time elapsed: 0.624 s  <<< FAILURE!
java.lang.AssertionError: Range for response status value 200 expected:<REDIRECTION> but was:<SUCCESSFUL>
	at guru.springframework.sfgpetclinic.controllers.PetControllerTest.initCreationForm(PetControllerTest.java:69)

